<?xml version="1.0" encoding="UTF-8"?>
<!-- Generated by org.testng.reporters.JUnitReportReporter -->
<testsuite skipped="0" hostname="IN2070121W2" name="com.qa.test.JiraAPI" tests="1" failures="0" timestamp="18 Jul 2018 06:50:46 GMT" time="3.385" errors="0">
  <testcase name="jiraAPI" time="3.385" classname="com.qa.test.JiraAPI"/>
</testsuite> <!-- com.qa.test.JiraAPI -->
