<?xml version="1.0" encoding="UTF-8"?>
<!-- Generated by org.testng.reporters.JUnitReportReporter -->
<testsuite skipped="0" hostname="IN2070121W2" name="com.qa.test.JiraAuthAPI" tests="1" failures="0" timestamp="18 Jul 2018 06:52:56 GMT" time="2.984" errors="0">
  <testcase name="jiraAuthAPITest" time="2.984" classname="com.qa.test.JiraAuthAPI"/>
</testsuite> <!-- com.qa.test.JiraAuthAPI -->
