<?xml version="1.0" encoding="UTF-8"?>
<!-- Generated by org.testng.reporters.JUnitReportReporter -->
<testsuite skipped="0" hostname="IN2070121W2" name="com.qa.test.CreateIssueAPI" tests="3" failures="0" timestamp="18 Jul 2018 07:42:20 GMT" time="5.055" errors="0">
  <testcase name="createIssue" time="0.340" classname="com.qa.test.CreateIssueAPI"/>
  <testcase name="createIssue" time="0.513" classname="com.qa.test.CreateIssueAPI"/>
  <testcase name="createIssue" time="4.202" classname="com.qa.test.CreateIssueAPI"/>
</testsuite> <!-- com.qa.test.CreateIssueAPI -->
